Search application started
Search application started
Search application started
Search application started
Search application started
Search application started
Search application started
SearchDomain created: [file1.txt, file4.txt, file6.dat, file3.dat, file2.doc, file5.doc]
Search application started
SearchDomain created: file1.txt
file4.txt
file6.dat
file3.dat
file2.doc
file5.doc

Search application started
SearchDomain created: [file1.txt, file4.txt, file6.dat, file3.dat, file2.doc, file5.doc]
Search application started
SearchDomain created: [file1.txt, file4.txt, file6.dat, file3.dat, file2.doc, file5.doc]
Complete index: file1txt:[0-0]

Complete index: file4txt:[1-0]
file1txt:[0-0]

Complete index: file4txt:[1-0]
file1txt:[0-0]
file6dat:[2-0]

Complete index: file4txt:[1-0]
file1txt:[0-0]
file6dat:[2-0]
file3dat:[3-0]

Complete index: file4txt:[1-0]
file1txt:[0-0]
file6dat:[2-0]
file3dat:[3-0]
file2doc:[4-0]

Complete index: file4txt:[1-0]
file1txt:[0-0]
file5doc:[5-0]
file6dat:[2-0]
file3dat:[3-0]
file2doc:[4-0]

Search application started
SearchDomain created: [file1.txt, file4.txt, file6.dat, file3.dat, file2.doc, file5.doc]
Complete index: file1txt:[0-0]

Complete index: file4txt:[1-0]
file1txt:[0-0]

Complete index: file4txt:[1-0]
file1txt:[0-0]
file6dat:[2-0]

Complete index: file4txt:[1-0]
file1txt:[0-0]
file6dat:[2-0]
file3dat:[3-0]

Complete index: file4txt:[1-0]
file1txt:[0-0]
file6dat:[2-0]
file3dat:[3-0]
file2doc:[4-0]

Complete index: file4txt:[1-0]
file1txt:[0-0]
file5doc:[5-0]
file6dat:[2-0]
file3dat:[3-0]
file2doc:[4-0]

Search application started
SearchDomain created: file1.txt
file4.txt
file6.dat
file3.dat
file2.doc
file5.doc

Complete index: file1txt:[0-0]

Complete index: file4txt:[1-0]
file1txt:[0-0]

Complete index: file4txt:[1-0]
file1txt:[0-0]
file6dat:[2-0]

Complete index: file4txt:[1-0]
file1txt:[0-0]
file6dat:[2-0]
file3dat:[3-0]

Complete index: file4txt:[1-0]
file1txt:[0-0]
file6dat:[2-0]
file3dat:[3-0]
file2doc:[4-0]

Complete index: file4txt:[1-0]
file1txt:[0-0]
file5doc:[5-0]
file6dat:[2-0]
file3dat:[3-0]
file2doc:[4-0]

Search application started
SearchDomain created: file1.txt
file4.txt
file6.dat
file3.dat
file2.doc
file5.doc

Complete index of words: small:[0-5]
prefer:[0-11]
line:[0-8, 0-10, 0-9, 0-13, 0-2]
gold:[0-3]
confused:[0-1, 0-10]
across:[0-3, 0-10]
that:[0-8]
not:[0-3, 0-4, 0-7]
appreciate:[0-8]
and:[0-5]
does:[0-6]
chipmunk:[0-2, 0-1, 0-13]
by:[0-5]
scampers:[0-2, 0-5]
baffled:[0-4]
if:[0-9]
you:[0-10]
striped:[0-1, 0-7, 0-6]
a:[0-0, 0-4, 0-11, 0-7, 0-0, 0-3, 0-12]
or:[0-7]
king:[0-11]
like:[0-6]
was:[0-3]
telephone:[0-5, 0-4, 0-8, 0-12, 0-1]
is:[0-2, 0-2]
being:[0-9]
the:[0-0, 0-4, 0-0, 0-9, 0-0, 0-6, 0-0]
with:[0-2, 0-11]
squirrel:[0-1, 0-7, 0-8, 0-1, 0-4]
wire:[0-6, 0-5]
belongs:[0-6]
to:[0-7]
larry:[0-8]
runs:[0-9, 0-3]

Search application started
SearchDomain created: file1.txt
file4.txt
file6.dat
file3.dat
file2.doc
file5.doc

Complete index of words: small:[0-5]
prefer:[0-11]
line:[0-8, 0-10, 0-9, 0-13, 0-2]
gold:[0-3]
confused:[0-1, 0-10]
across:[0-3, 0-10]
that:[0-8]
not:[0-3, 0-4, 0-7]
appreciate:[0-8]
and:[0-5]
does:[0-6]
chipmunk:[0-2, 0-1, 0-13]
by:[0-5]
scampers:[0-2, 0-5]
baffled:[0-4]
if:[0-9]
you:[0-10]
striped:[0-1, 0-7, 0-6]
a:[0-0, 0-4, 0-11, 0-7, 0-0, 0-3, 0-12]
or:[0-7]
king:[0-11]
like:[0-6]
was:[0-3]
telephone:[0-5, 0-4, 0-8, 0-12, 0-1]
is:[0-2, 0-2]
being:[0-9]
the:[0-0, 0-4, 0-0, 0-9, 0-0, 0-6, 0-0]
with:[0-2, 0-11]
squirrel:[0-1, 0-7, 0-8, 0-1, 0-4]
wire:[0-6, 0-5]
belongs:[0-6]
to:[0-7]
larry:[0-8]
runs:[0-9, 0-3]

Search application started
SearchDomain created: file1.txt
file4.txt
file6.dat
file3.dat
file2.doc
file5.doc

Complete index of words: small:[0-5]
prefer:[0-11]
line:[0-8, 0-10, 0-9, 0-13, 0-2]
gold:[0-3]
confused:[0-1, 0-10]
across:[0-3, 0-10]
that:[0-8]
not:[0-3, 0-4, 0-7]
appreciate:[0-8]
and:[0-5]
does:[0-6]
chipmunk:[0-2, 0-1, 0-13]
by:[0-5]
scampers:[0-2, 0-5]
baffled:[0-4]
if:[0-9]
you:[0-10]
striped:[0-1, 0-7, 0-6]
a:[0-0, 0-4, 0-11, 0-7, 0-0, 0-3, 0-12]
or:[0-7]
king:[0-11]
like:[0-6]
was:[0-3]
telephone:[0-5, 0-4, 0-8, 0-12, 0-1]
is:[0-2, 0-2]
being:[0-9]
the:[0-0, 0-4, 0-0, 0-9, 0-0, 0-6, 0-0]
with:[0-2, 0-11]
squirrel:[0-1, 0-7, 0-8, 0-1, 0-4]
wire:[0-6, 0-5]
belongs:[0-6]
to:[0-7]
larry:[0-8]
runs:[0-9, 0-3]

Search application started
SearchDomain created: file1.txt
file4.txt
file6.dat
file3.dat
file2.doc
file5.doc

Complete index of words: small:[0-5]
prefer:[0-11]
line:[0-8, 0-10, 0-9, 0-13, 0-2]
gold:[0-3]
confused:[0-1, 0-10]
across:[0-3, 0-10]
that:[0-8]
not:[0-3, 0-4, 0-7]
appreciate:[0-8]
and:[0-5]
does:[0-6]
chipmunk:[0-2, 0-1, 0-13]
by:[0-5]
scampers:[0-2, 0-5]
baffled:[0-4]
if:[0-9]
you:[0-10]
striped:[0-1, 0-7, 0-6]
a:[0-0, 0-4, 0-11, 0-7, 0-0, 0-3, 0-12]
or:[0-7]
king:[0-11]
like:[0-6]
was:[0-3]
telephone:[0-5, 0-4, 0-8, 0-12, 0-1]
is:[0-2, 0-2]
being:[0-9]
the:[0-0, 0-4, 0-0, 0-9, 0-0, 0-6, 0-0]
with:[0-2, 0-11]
squirrel:[0-1, 0-7, 0-8, 0-1, 0-4]
wire:[0-6, 0-5]
belongs:[0-6]
to:[0-7]
larry:[0-8]
runs:[0-9, 0-3]

Search application started
SearchDomain created: file1.txt
file4.txt
file6.dat
file3.dat
file2.doc
file5.doc

Complete index of words: small:[0-5]
prefer:[0-11]
line:[0-8, 0-10, 0-9, 0-13, 0-2]
gold:[0-3]
confused:[0-1, 0-10]
across:[0-3, 0-10]
that:[0-8]
not:[0-3, 0-4, 0-7]
appreciate:[0-8]
and:[0-5]
does:[0-6]
chipmunk:[0-2, 0-1, 0-13]
by:[0-5]
scampers:[0-2, 0-5]
baffled:[0-4]
if:[0-9]
you:[0-10]
striped:[0-1, 0-7, 0-6]
a:[0-0, 0-4, 0-11, 0-7, 0-0, 0-3, 0-12]
or:[0-7]
king:[0-11]
like:[0-6]
was:[0-3]
telephone:[0-5, 0-4, 0-8, 0-12, 0-1]
is:[0-2, 0-2]
being:[0-9]
the:[0-0, 0-4, 0-0, 0-9, 0-0, 0-6, 0-0]
with:[0-2, 0-11]
squirrel:[0-1, 0-7, 0-8, 0-1, 0-4]
wire:[0-6, 0-5]
belongs:[0-6]
to:[0-7]
larry:[0-8]
runs:[0-9, 0-3]

Search application started
SearchDomain created: file1.txt
file4.txt
file6.dat
file3.dat
file2.doc
file5.doc

Complete index of words: small:[0-5]
prefer:[0-11]
line:[0-8, 0-10, 0-9, 0-13, 0-2]
gold:[0-3]
confused:[0-1, 0-10]
across:[0-3, 0-10]
that:[0-8]
not:[0-3, 0-4, 0-7]
appreciate:[0-8]
and:[0-5]
does:[0-6]
chipmunk:[0-2, 0-1, 0-13]
by:[0-5]
scampers:[0-2, 0-5]
baffled:[0-4]
if:[0-9]
you:[0-10]
striped:[0-1, 0-7, 0-6]
a:[0-0, 0-4, 0-11, 0-7, 0-0, 0-3, 0-12]
or:[0-7]
king:[0-11]
like:[0-6]
was:[0-3]
telephone:[0-5, 0-4, 0-8, 0-12, 0-1]
is:[0-2, 0-2]
being:[0-9]
the:[0-0, 0-4, 0-0, 0-9, 0-0, 0-6, 0-0]
with:[0-2, 0-11]
squirrel:[0-1, 0-7, 0-8, 0-1, 0-4]
wire:[0-6, 0-5]
belongs:[0-6]
to:[0-7]
larry:[0-8]
runs:[0-9, 0-3]

Complete index of words: small:[0-5, 0-5]
prefer:[0-11, 0-11]
line:[0-8, 0-10, 0-9, 0-13, 0-2, 0-8, 0-10, 0-9, 0-13, 0-2]
gold:[0-3, 0-3]
confused:[0-1, 0-10, 0-1, 0-10]
across:[0-3, 0-10, 0-3, 0-10]
that:[0-8, 0-8]
not:[0-3, 0-4, 0-7, 0-3, 0-4, 0-7]
appreciate:[0-8, 0-8]
and:[0-5, 0-5]
does:[0-6, 0-6]
chipmunk:[0-2, 0-1, 0-13, 0-2, 0-1, 0-13]
by:[0-5, 0-5]
scampers:[0-2, 0-5, 0-2, 0-5]
baffled:[0-4, 0-4]
if:[0-9, 0-9]
you:[0-10, 0-10]
striped:[0-1, 0-7, 0-6, 0-1, 0-7, 0-6]
a:[0-0, 0-4, 0-11, 0-7, 0-0, 0-3, 0-12, 0-0, 0-4, 0-11, 0-7, 0-0, 0-3, 0-12]
or:[0-7, 0-7]
king:[0-11, 0-11]
like:[0-6, 0-6]
was:[0-3, 0-3]
telephone:[0-5, 0-4, 0-8, 0-12, 0-1, 0-5, 0-4, 0-8, 0-12, 0-1]
is:[0-2, 0-2, 0-2, 0-2]
being:[0-9, 0-9]
the:[0-0, 0-4, 0-0, 0-9, 0-0, 0-6, 0-0, 0-0, 0-4, 0-0, 0-9, 0-0, 0-6, 0-0]
with:[0-2, 0-11, 0-2, 0-11]
squirrel:[0-1, 0-7, 0-8, 0-1, 0-4, 0-1, 0-7, 0-8, 0-1, 0-4]
wire:[0-6, 0-5, 0-6, 0-5]
belongs:[0-6, 0-6]
to:[0-7, 0-7]
larry:[0-8, 0-8]
runs:[0-9, 0-3, 0-9, 0-3]

Search application started
SearchDomain created: file1.txt
file4.txt
file6.dat
file3.dat
file2.doc
file5.doc

Complete index of words: small:[0-5]
prefer:[0-11]
line:[0-8, 0-10, 0-9, 0-13, 0-2]
gold:[0-3]
confused:[0-1, 0-10]
across:[0-3, 0-10]
that:[0-8]
not:[0-3, 0-4, 0-7]
appreciate:[0-8]
and:[0-5]
does:[0-6]
chipmunk:[0-2, 0-1, 0-13]
by:[0-5]
scampers:[0-2, 0-5]
baffled:[0-4]
if:[0-9]
you:[0-10]
striped:[0-1, 0-7, 0-6]
a:[0-0, 0-4, 0-11, 0-7, 0-0, 0-3, 0-12]
or:[0-7]
king:[0-11]
like:[0-6]
was:[0-3]
telephone:[0-5, 0-4, 0-8, 0-12, 0-1]
is:[0-2, 0-2]
being:[0-9]
the:[0-0, 0-4, 0-0, 0-9, 0-0, 0-6, 0-0]
with:[0-2, 0-11]
squirrel:[0-1, 0-7, 0-8, 0-1, 0-4]
wire:[0-6, 0-5]
belongs:[0-6]
to:[0-7]
larry:[0-8]
runs:[0-9, 0-3]

Complete index of words: small:[0-5, 0-5]
prefer:[0-11, 0-11]
line:[0-8, 0-10, 0-9, 0-13, 0-2, 0-8, 0-10, 0-9, 0-13, 0-2]
gold:[0-3, 0-3]
confused:[0-1, 0-10, 0-1, 0-10]
across:[0-3, 0-10, 0-3, 0-10]
that:[0-8, 0-8]
not:[0-3, 0-4, 0-7, 0-3, 0-4, 0-7]
appreciate:[0-8, 0-8]
and:[0-5, 0-5]
does:[0-6, 0-6]
chipmunk:[0-2, 0-1, 0-13, 0-2, 0-1, 0-13]
by:[0-5, 0-5]
scampers:[0-2, 0-5, 0-2, 0-5]
baffled:[0-4, 0-4]
if:[0-9, 0-9]
you:[0-10, 0-10]
striped:[0-1, 0-7, 0-6, 0-1, 0-7, 0-6]
a:[0-0, 0-4, 0-11, 0-7, 0-0, 0-3, 0-12, 0-0, 0-4, 0-11, 0-7, 0-0, 0-3, 0-12]
or:[0-7, 0-7]
king:[0-11, 0-11]
like:[0-6, 0-6]
was:[0-3, 0-3]
telephone:[0-5, 0-4, 0-8, 0-12, 0-1, 0-5, 0-4, 0-8, 0-12, 0-1]
is:[0-2, 0-2, 0-2, 0-2]
being:[0-9, 0-9]
the:[0-0, 0-4, 0-0, 0-9, 0-0, 0-6, 0-0, 0-0, 0-4, 0-0, 0-9, 0-0, 0-6, 0-0]
with:[0-2, 0-11, 0-2, 0-11]
squirrel:[0-1, 0-7, 0-8, 0-1, 0-4, 0-1, 0-7, 0-8, 0-1, 0-4]
wire:[0-6, 0-5, 0-6, 0-5]
belongs:[0-6, 0-6]
to:[0-7, 0-7]
larry:[0-8, 0-8]
runs:[0-9, 0-3, 0-9, 0-3]

Search application started
SearchDomain created: file1.txt
file4.txt
file6.dat
file3.dat
file2.doc
file5.doc

Complete index of words: small:[0-5]
prefer:[0-11]
line:[0-8, 0-10, 0-9, 0-13, 0-2]
gold:[0-3]
confused:[0-1, 0-10]
across:[0-3, 0-10]
that:[0-8]
not:[0-3, 0-4, 0-7]
appreciate:[0-8]
and:[0-5]
does:[0-6]
chipmunk:[0-2, 0-1, 0-13]
by:[0-5]
scampers:[0-2, 0-5]
baffled:[0-4]
if:[0-9]
you:[0-10]
striped:[0-1, 0-7, 0-6]
a:[0-0, 0-4, 0-11, 0-7, 0-0, 0-3, 0-12]
or:[0-7]
king:[0-11]
like:[0-6]
was:[0-3]
telephone:[0-5, 0-4, 0-8, 0-12, 0-1]
is:[0-2, 0-2]
being:[0-9]
the:[0-0, 0-4, 0-0, 0-9, 0-0, 0-6, 0-0]
with:[0-2, 0-11]
squirrel:[0-1, 0-7, 0-8, 0-1, 0-4]
wire:[0-6, 0-5]
belongs:[0-6]
to:[0-7]
larry:[0-8]
runs:[0-9, 0-3]

Search application started
SearchDomain created: file1.txt
file4.txt
file6.dat
file3.dat
file2.doc
file5.doc

Complete index of words: small:[0-5]
prefer:[0-11]
line:[0-8, 0-10, 0-9, 0-13, 0-2]
gold:[0-3]
confused:[0-1, 0-10]
across:[0-3, 0-10]
that:[0-8]
not:[0-3, 0-4, 0-7]
appreciate:[0-8]
and:[0-5]
does:[0-6]
chipmunk:[0-2, 0-1, 0-13]
by:[0-5]
scampers:[0-2, 0-5]
baffled:[0-4]
if:[0-9]
you:[0-10]
striped:[0-1, 0-7, 0-6]
a:[0-0, 0-4, 0-11, 0-7, 0-0, 0-3, 0-12]
or:[0-7]
king:[0-11]
like:[0-6]
was:[0-3]
telephone:[0-5, 0-4, 0-8, 0-12, 0-1]
is:[0-2, 0-2]
being:[0-9]
the:[0-0, 0-4, 0-0, 0-9, 0-0, 0-6, 0-0]
with:[0-2, 0-11]
squirrel:[0-1, 0-7, 0-8, 0-1, 0-4]
wire:[0-6, 0-5]
belongs:[0-6]
to:[0-7]
larry:[0-8]
runs:[0-9, 0-3]

Complete index of words: small:[0-5, 0-5]
prefer:[0-11, 0-11]
line:[0-8, 0-10, 0-9, 0-13, 0-2, 0-8, 0-10, 0-9, 0-13, 0-2]
gold:[0-3, 0-3]
confused:[0-1, 0-10, 0-1, 0-10]
across:[0-3, 0-10, 0-3, 0-10]
that:[0-8, 0-8]
not:[0-3, 0-4, 0-7, 0-3, 0-4, 0-7]
appreciate:[0-8, 0-8]
and:[0-5, 0-5]
does:[0-6, 0-6]
chipmunk:[0-2, 0-1, 0-13, 0-2, 0-1, 0-13]
by:[0-5, 0-5]
scampers:[0-2, 0-5, 0-2, 0-5]
baffled:[0-4, 0-4]
if:[0-9, 0-9]
you:[0-10, 0-10]
striped:[0-1, 0-7, 0-6, 0-1, 0-7, 0-6]
a:[0-0, 0-4, 0-11, 0-7, 0-0, 0-3, 0-12, 0-0, 0-4, 0-11, 0-7, 0-0, 0-3, 0-12]
or:[0-7, 0-7]
king:[0-11, 0-11]
like:[0-6, 0-6]
was:[0-3, 0-3]
telephone:[0-5, 0-4, 0-8, 0-12, 0-1, 0-5, 0-4, 0-8, 0-12, 0-1]
is:[0-2, 0-2, 0-2, 0-2]
being:[0-9, 0-9]
the:[0-0, 0-4, 0-0, 0-9, 0-0, 0-6, 0-0, 0-0, 0-4, 0-0, 0-9, 0-0, 0-6, 0-0]
with:[0-2, 0-11, 0-2, 0-11]
squirrel:[0-1, 0-7, 0-8, 0-1, 0-4, 0-1, 0-7, 0-8, 0-1, 0-4]
wire:[0-6, 0-5, 0-6, 0-5]
belongs:[0-6, 0-6]
to:[0-7, 0-7]
larry:[0-8, 0-8]
runs:[0-9, 0-3, 0-9, 0-3]

Search application started
SearchDomain created: file1.txt
file4.txt
file6.dat
file3.dat
file2.doc
file5.doc

Complete index of words: small:[0-5]
prefer:[0-11]
line:[0-8, 0-10, 0-9, 0-13, 0-2]
gold:[0-3]
confused:[0-1, 0-10]
across:[0-3, 0-10]
that:[0-8]
not:[0-3, 0-4, 0-7]
appreciate:[0-8]
and:[0-5]
does:[0-6]
chipmunk:[0-2, 0-1, 0-13]
by:[0-5]
scampers:[0-2, 0-5]
baffled:[0-4]
if:[0-9]
you:[0-10]
striped:[0-1, 0-7, 0-6]
a:[0-0, 0-4, 0-11, 0-7, 0-0, 0-3, 0-12]
or:[0-7]
king:[0-11]
like:[0-6]
was:[0-3]
telephone:[0-5, 0-4, 0-8, 0-12, 0-1]
is:[0-2, 0-2]
being:[0-9]
the:[0-0, 0-4, 0-0, 0-9, 0-0, 0-6, 0-0]
with:[0-2, 0-11]
squirrel:[0-1, 0-7, 0-8, 0-1, 0-4]
wire:[0-6, 0-5]
belongs:[0-6]
to:[0-7]
larry:[0-8]
runs:[0-9, 0-3]

Complete index of words: small:[0-5, 0-5]
prefer:[0-11, 0-11]
line:[0-8, 0-10, 0-9, 0-13, 0-2, 0-8, 0-10, 0-9, 0-13, 0-2]
gold:[0-3, 0-3]
confused:[0-1, 0-10, 0-1, 0-10]
across:[0-3, 0-10, 0-3, 0-10]
that:[0-8, 0-8]
not:[0-3, 0-4, 0-7, 0-3, 0-4, 0-7]
appreciate:[0-8, 0-8]
and:[0-5, 0-5]
does:[0-6, 0-6]
chipmunk:[0-2, 0-1, 0-13, 0-2, 0-1, 0-13]
by:[0-5, 0-5]
scampers:[0-2, 0-5, 0-2, 0-5]
baffled:[0-4, 0-4]
if:[0-9, 0-9]
you:[0-10, 0-10]
striped:[0-1, 0-7, 0-6, 0-1, 0-7, 0-6]
a:[0-0, 0-4, 0-11, 0-7, 0-0, 0-3, 0-12, 0-0, 0-4, 0-11, 0-7, 0-0, 0-3, 0-12]
or:[0-7, 0-7]
king:[0-11, 0-11]
like:[0-6, 0-6]
was:[0-3, 0-3]
telephone:[0-5, 0-4, 0-8, 0-12, 0-1, 0-5, 0-4, 0-8, 0-12, 0-1]
is:[0-2, 0-2, 0-2, 0-2]
being:[0-9, 0-9]
the:[0-0, 0-4, 0-0, 0-9, 0-0, 0-6, 0-0, 0-0, 0-4, 0-0, 0-9, 0-0, 0-6, 0-0]
with:[0-2, 0-11, 0-2, 0-11]
squirrel:[0-1, 0-7, 0-8, 0-1, 0-4, 0-1, 0-7, 0-8, 0-1, 0-4]
wire:[0-6, 0-5, 0-6, 0-5]
belongs:[0-6, 0-6]
to:[0-7, 0-7]
larry:[0-8, 0-8]
runs:[0-9, 0-3, 0-9, 0-3]

Search application started
SearchDomain created: file1.txt
file4.txt
file6.dat
file3.dat
file2.doc
file5.doc

Complete index of words: small:[0-5]
prefer:[0-11]
line:[0-8, 0-10, 0-9, 0-13, 0-2]
gold:[0-3]
confused:[0-1, 0-10]
across:[0-3, 0-10]
that:[0-8]
not:[0-3, 0-4, 0-7]
appreciate:[0-8]
and:[0-5]
does:[0-6]
chipmunk:[0-2, 0-1, 0-13]
by:[0-5]
scampers:[0-2, 0-5]
baffled:[0-4]
if:[0-9]
you:[0-10]
striped:[0-1, 0-7, 0-6]
a:[0-0, 0-4, 0-11, 0-7, 0-0, 0-3, 0-12]
or:[0-7]
king:[0-11]
like:[0-6]
was:[0-3]
telephone:[0-5, 0-4, 0-8, 0-12, 0-1]
is:[0-2, 0-2]
being:[0-9]
the:[0-0, 0-4, 0-0, 0-9, 0-0, 0-6, 0-0]
with:[0-2, 0-11]
squirrel:[0-1, 0-7, 0-8, 0-1, 0-4]
wire:[0-6, 0-5]
belongs:[0-6]
to:[0-7]
larry:[0-8]
runs:[0-9, 0-3]

Complete index of words: small:[0-5, 0-5]
prefer:[0-11, 0-11]
line:[0-8, 0-10, 0-9, 0-13, 0-2, 0-8, 0-10, 0-9, 0-13, 0-2]
gold:[0-3, 0-3]
confused:[0-1, 0-10, 0-1, 0-10]
across:[0-3, 0-10, 0-3, 0-10]
that:[0-8, 0-8]
not:[0-3, 0-4, 0-7, 0-3, 0-4, 0-7]
appreciate:[0-8, 0-8]
and:[0-5, 0-5]
does:[0-6, 0-6]
chipmunk:[0-2, 0-1, 0-13, 0-2, 0-1, 0-13]
by:[0-5, 0-5]
scampers:[0-2, 0-5, 0-2, 0-5]
baffled:[0-4, 0-4]
if:[0-9, 0-9]
you:[0-10, 0-10]
striped:[0-1, 0-7, 0-6, 0-1, 0-7, 0-6]
a:[0-0, 0-4, 0-11, 0-7, 0-0, 0-3, 0-12, 0-0, 0-4, 0-11, 0-7, 0-0, 0-3, 0-12]
or:[0-7, 0-7]
king:[0-11, 0-11]
like:[0-6, 0-6]
was:[0-3, 0-3]
telephone:[0-5, 0-4, 0-8, 0-12, 0-1, 0-5, 0-4, 0-8, 0-12, 0-1]
is:[0-2, 0-2, 0-2, 0-2]
being:[0-9, 0-9]
the:[0-0, 0-4, 0-0, 0-9, 0-0, 0-6, 0-0, 0-0, 0-4, 0-0, 0-9, 0-0, 0-6, 0-0]
with:[0-2, 0-11, 0-2, 0-11]
squirrel:[0-1, 0-7, 0-8, 0-1, 0-4, 0-1, 0-7, 0-8, 0-1, 0-4]
wire:[0-6, 0-5, 0-6, 0-5]
belongs:[0-6, 0-6]
to:[0-7, 0-7]
larry:[0-8, 0-8]
runs:[0-9, 0-3, 0-9, 0-3]

Search application started
SearchDomain created: file1.txt
file4.txt
file6.dat
file3.dat
file2.doc
file5.doc

Complete index of words: small:[0-5]
prefer:[0-11]
line:[0-8, 0-10, 0-9, 0-13, 0-2]
gold:[0-3]
confused:[0-1, 0-10]
across:[0-3, 0-10]
that:[0-8]
not:[0-3, 0-4, 0-7]
appreciate:[0-8]
and:[0-5]
does:[0-6]
chipmunk:[0-2, 0-1, 0-13]
by:[0-5]
scampers:[0-2, 0-5]
baffled:[0-4]
if:[0-9]
you:[0-10]
striped:[0-1, 0-7, 0-6]
a:[0-0, 0-4, 0-11, 0-7, 0-0, 0-3, 0-12]
or:[0-7]
king:[0-11]
like:[0-6]
was:[0-3]
telephone:[0-5, 0-4, 0-8, 0-12, 0-1]
is:[0-2, 0-2]
being:[0-9]
the:[0-0, 0-4, 0-0, 0-9, 0-0, 0-6, 0-0]
with:[0-2, 0-11]
squirrel:[0-1, 0-7, 0-8, 0-1, 0-4]
wire:[0-6, 0-5]
belongs:[0-6]
to:[0-7]
larry:[0-8]
runs:[0-9, 0-3]

Complete index of words: small:[0-5, 0-5]
prefer:[0-11, 0-11]
line:[0-8, 0-10, 0-9, 0-13, 0-2, 0-8, 0-10, 0-9, 0-13, 0-2]
gold:[0-3, 0-3]
confused:[0-1, 0-10, 0-1, 0-10]
across:[0-3, 0-10, 0-3, 0-10]
that:[0-8, 0-8]
not:[0-3, 0-4, 0-7, 0-3, 0-4, 0-7]
appreciate:[0-8, 0-8]
and:[0-5, 0-5]
does:[0-6, 0-6]
chipmunk:[0-2, 0-1, 0-13, 0-2, 0-1, 0-13]
by:[0-5, 0-5]
scampers:[0-2, 0-5, 0-2, 0-5]
baffled:[0-4, 0-4]
if:[0-9, 0-9]
you:[0-10, 0-10]
striped:[0-1, 0-7, 0-6, 0-1, 0-7, 0-6]
a:[0-0, 0-4, 0-11, 0-7, 0-0, 0-3, 0-12, 0-0, 0-4, 0-11, 0-7, 0-0, 0-3, 0-12]
or:[0-7, 0-7]
king:[0-11, 0-11]
like:[0-6, 0-6]
was:[0-3, 0-3]
telephone:[0-5, 0-4, 0-8, 0-12, 0-1, 0-5, 0-4, 0-8, 0-12, 0-1]
is:[0-2, 0-2, 0-2, 0-2]
being:[0-9, 0-9]
the:[0-0, 0-4, 0-0, 0-9, 0-0, 0-6, 0-0, 0-0, 0-4, 0-0, 0-9, 0-0, 0-6, 0-0]
with:[0-2, 0-11, 0-2, 0-11]
squirrel:[0-1, 0-7, 0-8, 0-1, 0-4, 0-1, 0-7, 0-8, 0-1, 0-4]
wire:[0-6, 0-5, 0-6, 0-5]
belongs:[0-6, 0-6]
to:[0-7, 0-7]
larry:[0-8, 0-8]
runs:[0-9, 0-3, 0-9, 0-3]

Search application started
SearchDomain created: file1.txt
file4.txt
file6.dat
file3.dat
file2.doc
file5.doc

Complete index of words: small:[0-5]
prefer:[0-11]
line:[0-8, 0-10, 0-9, 0-13, 0-2]
gold:[0-3]
confused:[0-1, 0-10]
across:[0-3, 0-10]
that:[0-8]
not:[0-3, 0-4, 0-7]
appreciate:[0-8]
and:[0-5]
does:[0-6]
chipmunk:[0-2, 0-1, 0-13]
by:[0-5]
scampers:[0-2, 0-5]
baffled:[0-4]
if:[0-9]
you:[0-10]
striped:[0-1, 0-7, 0-6]
a:[0-0, 0-4, 0-11, 0-7, 0-0, 0-3, 0-12]
or:[0-7]
king:[0-11]
like:[0-6]
was:[0-3]
telephone:[0-5, 0-4, 0-8, 0-12, 0-1]
is:[0-2, 0-2]
being:[0-9]
the:[0-0, 0-4, 0-0, 0-9, 0-0, 0-6, 0-0]
with:[0-2, 0-11]
squirrel:[0-1, 0-7, 0-8, 0-1, 0-4]
wire:[0-6, 0-5]
belongs:[0-6]
to:[0-7]
larry:[0-8]
runs:[0-9, 0-3]

Complete index of words: small:[0-5, 0-5]
prefer:[0-11, 0-11]
line:[0-8, 0-10, 0-9, 0-13, 0-2, 0-8, 0-10, 0-9, 0-13, 0-2]
gold:[0-3, 0-3]
confused:[0-1, 0-10, 0-1, 0-10]
across:[0-3, 0-10, 0-3, 0-10]
that:[0-8, 0-8]
not:[0-3, 0-4, 0-7, 0-3, 0-4, 0-7]
appreciate:[0-8, 0-8]
and:[0-5, 0-5]
does:[0-6, 0-6]
chipmunk:[0-2, 0-1, 0-13, 0-2, 0-1, 0-13]
by:[0-5, 0-5]
scampers:[0-2, 0-5, 0-2, 0-5]
baffled:[0-4, 0-4]
if:[0-9, 0-9]
you:[0-10, 0-10]
striped:[0-1, 0-7, 0-6, 0-1, 0-7, 0-6]
a:[0-0, 0-4, 0-11, 0-7, 0-0, 0-3, 0-12, 0-0, 0-4, 0-11, 0-7, 0-0, 0-3, 0-12]
or:[0-7, 0-7]
king:[0-11, 0-11]
like:[0-6, 0-6]
was:[0-3, 0-3]
telephone:[0-5, 0-4, 0-8, 0-12, 0-1, 0-5, 0-4, 0-8, 0-12, 0-1]
is:[0-2, 0-2, 0-2, 0-2]
being:[0-9, 0-9]
the:[0-0, 0-4, 0-0, 0-9, 0-0, 0-6, 0-0, 0-0, 0-4, 0-0, 0-9, 0-0, 0-6, 0-0]
with:[0-2, 0-11, 0-2, 0-11]
squirrel:[0-1, 0-7, 0-8, 0-1, 0-4, 0-1, 0-7, 0-8, 0-1, 0-4]
wire:[0-6, 0-5, 0-6, 0-5]
belongs:[0-6, 0-6]
to:[0-7, 0-7]
larry:[0-8, 0-8]
runs:[0-9, 0-3, 0-9, 0-3]

Search application started
SearchDomain created: file1.txt
file4.txt
file6.dat
file3.dat
file2.doc
file5.doc

Complete index of words: small:[0-5]
prefer:[0-11]
line:[0-8, 0-10, 0-9, 0-13, 0-2]
gold:[0-3]
confused:[0-1, 0-10]
across:[0-3, 0-10]
that:[0-8]
not:[0-3, 0-4, 0-7]
appreciate:[0-8]
and:[0-5]
does:[0-6]
chipmunk:[0-2, 0-1, 0-13]
by:[0-5]
scampers:[0-2, 0-5]
baffled:[0-4]
if:[0-9]
you:[0-10]
striped:[0-1, 0-7, 0-6]
a:[0-0, 0-4, 0-11, 0-7, 0-0, 0-3, 0-12]
or:[0-7]
king:[0-11]
like:[0-6]
was:[0-3]
telephone:[0-5, 0-4, 0-8, 0-12, 0-1]
is:[0-2, 0-2]
being:[0-9]
the:[0-0, 0-4, 0-0, 0-9, 0-0, 0-6, 0-0]
with:[0-2, 0-11]
squirrel:[0-1, 0-7, 0-8, 0-1, 0-4]
wire:[0-6, 0-5]
belongs:[0-6]
to:[0-7]
larry:[0-8]
runs:[0-9, 0-3]

Complete index of words: small:[0-5, 0-5]
prefer:[0-11, 0-11]
line:[0-8, 0-10, 0-9, 0-13, 0-2, 0-8, 0-10, 0-9, 0-13, 0-2]
gold:[0-3, 0-3]
confused:[0-1, 0-10, 0-1, 0-10]
across:[0-3, 0-10, 0-3, 0-10]
that:[0-8, 0-8]
not:[0-3, 0-4, 0-7, 0-3, 0-4, 0-7]
appreciate:[0-8, 0-8]
and:[0-5, 0-5]
does:[0-6, 0-6]
chipmunk:[0-2, 0-1, 0-13, 0-2, 0-1, 0-13]
by:[0-5, 0-5]
scampers:[0-2, 0-5, 0-2, 0-5]
baffled:[0-4, 0-4]
if:[0-9, 0-9]
you:[0-10, 0-10]
striped:[0-1, 0-7, 0-6, 0-1, 0-7, 0-6]
a:[0-0, 0-4, 0-11, 0-7, 0-0, 0-3, 0-12, 0-0, 0-4, 0-11, 0-7, 0-0, 0-3, 0-12]
or:[0-7, 0-7]
king:[0-11, 0-11]
like:[0-6, 0-6]
was:[0-3, 0-3]
telephone:[0-5, 0-4, 0-8, 0-12, 0-1, 0-5, 0-4, 0-8, 0-12, 0-1]
is:[0-2, 0-2, 0-2, 0-2]
being:[0-9, 0-9]
the:[0-0, 0-4, 0-0, 0-9, 0-0, 0-6, 0-0, 0-0, 0-4, 0-0, 0-9, 0-0, 0-6, 0-0]
with:[0-2, 0-11, 0-2, 0-11]
squirrel:[0-1, 0-7, 0-8, 0-1, 0-4, 0-1, 0-7, 0-8, 0-1, 0-4]
wire:[0-6, 0-5, 0-6, 0-5]
belongs:[0-6, 0-6]
to:[0-7, 0-7]
larry:[0-8, 0-8]
runs:[0-9, 0-3, 0-9, 0-3]

Search application started
SearchDomain created: file1.txt
file4.txt
file6.dat
file3.dat
file2.doc
file5.doc

Complete index of words: small:[0-5]
prefer:[0-11]
line:[0-8, 0-10, 0-9, 0-13, 0-2]
gold:[0-3]
confused:[0-1, 0-10]
across:[0-3, 0-10]
that:[0-8]
not:[0-3, 0-4, 0-7]
appreciate:[0-8]
and:[0-5]
does:[0-6]
chipmunk:[0-2, 0-1, 0-13]
by:[0-5]
scampers:[0-2, 0-5]
baffled:[0-4]
if:[0-9]
you:[0-10]
striped:[0-1, 0-7, 0-6]
a:[0-0, 0-4, 0-11, 0-7, 0-0, 0-3, 0-12]
or:[0-7]
king:[0-11]
like:[0-6]
was:[0-3]
telephone:[0-5, 0-4, 0-8, 0-12, 0-1]
is:[0-2, 0-2]
being:[0-9]
the:[0-0, 0-4, 0-0, 0-9, 0-0, 0-6, 0-0]
with:[0-2, 0-11]
squirrel:[0-1, 0-7, 0-8, 0-1, 0-4]
wire:[0-6, 0-5]
belongs:[0-6]
to:[0-7]
larry:[0-8]
runs:[0-9, 0-3]

Complete index of words: small:[0-5, 0-5]
prefer:[0-11, 0-11]
line:[0-8, 0-10, 0-9, 0-13, 0-2, 0-8, 0-10, 0-9, 0-13, 0-2]
gold:[0-3, 0-3]
confused:[0-1, 0-10, 0-1, 0-10]
across:[0-3, 0-10, 0-3, 0-10]
that:[0-8, 0-8]
not:[0-3, 0-4, 0-7, 0-3, 0-4, 0-7]
appreciate:[0-8, 0-8]
and:[0-5, 0-5]
does:[0-6, 0-6]
chipmunk:[0-2, 0-1, 0-13, 0-2, 0-1, 0-13]
by:[0-5, 0-5]
scampers:[0-2, 0-5, 0-2, 0-5]
baffled:[0-4, 0-4]
if:[0-9, 0-9]
you:[0-10, 0-10]
striped:[0-1, 0-7, 0-6, 0-1, 0-7, 0-6]
a:[0-0, 0-4, 0-11, 0-7, 0-0, 0-3, 0-12, 0-0, 0-4, 0-11, 0-7, 0-0, 0-3, 0-12]
or:[0-7, 0-7]
king:[0-11, 0-11]
like:[0-6, 0-6]
was:[0-3, 0-3]
telephone:[0-5, 0-4, 0-8, 0-12, 0-1, 0-5, 0-4, 0-8, 0-12, 0-1]
is:[0-2, 0-2, 0-2, 0-2]
being:[0-9, 0-9]
the:[0-0, 0-4, 0-0, 0-9, 0-0, 0-6, 0-0, 0-0, 0-4, 0-0, 0-9, 0-0, 0-6, 0-0]
with:[0-2, 0-11, 0-2, 0-11]
squirrel:[0-1, 0-7, 0-8, 0-1, 0-4, 0-1, 0-7, 0-8, 0-1, 0-4]
wire:[0-6, 0-5, 0-6, 0-5]
belongs:[0-6, 0-6]
to:[0-7, 0-7]
larry:[0-8, 0-8]
runs:[0-9, 0-3, 0-9, 0-3]

Search application started
SearchDomain created: file1.txt
file4.txt
file6.dat
file3.dat
file2.doc
file5.doc

Complete index of words: small:[0-5]
prefer:[0-11]
line:[0-8, 0-10, 0-9, 0-13, 0-2]
gold:[0-3]
confused:[0-1, 0-10]
across:[0-3, 0-10]
that:[0-8]
not:[0-3, 0-4, 0-7]
appreciate:[0-8]
and:[0-5]
does:[0-6]
chipmunk:[0-2, 0-1, 0-13]
by:[0-5]
scampers:[0-2, 0-5]
baffled:[0-4]
if:[0-9]
you:[0-10]
striped:[0-1, 0-7, 0-6]
a:[0-0, 0-4, 0-11, 0-7, 0-0, 0-3, 0-12]
or:[0-7]
king:[0-11]
like:[0-6]
was:[0-3]
telephone:[0-5, 0-4, 0-8, 0-12, 0-1]
is:[0-2, 0-2]
being:[0-9]
the:[0-0, 0-4, 0-0, 0-9, 0-0, 0-6, 0-0]
with:[0-2, 0-11]
squirrel:[0-1, 0-7, 0-8, 0-1, 0-4]
wire:[0-6, 0-5]
belongs:[0-6]
to:[0-7]
larry:[0-8]
runs:[0-9, 0-3]

Complete index of words: small:[0-5, 0-5]
prefer:[0-11, 0-11]
line:[0-8, 0-10, 0-9, 0-13, 0-2, 0-8, 0-10, 0-9, 0-13, 0-2]
gold:[0-3, 0-3]
confused:[0-1, 0-10, 0-1, 0-10]
across:[0-3, 0-10, 0-3, 0-10]
that:[0-8, 0-8]
not:[0-3, 0-4, 0-7, 0-3, 0-4, 0-7]
appreciate:[0-8, 0-8]
and:[0-5, 0-5]
does:[0-6, 0-6]
chipmunk:[0-2, 0-1, 0-13, 0-2, 0-1, 0-13]
by:[0-5, 0-5]
scampers:[0-2, 0-5, 0-2, 0-5]
baffled:[0-4, 0-4]
if:[0-9, 0-9]
you:[0-10, 0-10]
striped:[0-1, 0-7, 0-6, 0-1, 0-7, 0-6]
a:[0-0, 0-4, 0-11, 0-7, 0-0, 0-3, 0-12, 0-0, 0-4, 0-11, 0-7, 0-0, 0-3, 0-12]
or:[0-7, 0-7]
king:[0-11, 0-11]
like:[0-6, 0-6]
was:[0-3, 0-3]
telephone:[0-5, 0-4, 0-8, 0-12, 0-1, 0-5, 0-4, 0-8, 0-12, 0-1]
is:[0-2, 0-2, 0-2, 0-2]
being:[0-9, 0-9]
the:[0-0, 0-4, 0-0, 0-9, 0-0, 0-6, 0-0, 0-0, 0-4, 0-0, 0-9, 0-0, 0-6, 0-0]
with:[0-2, 0-11, 0-2, 0-11]
squirrel:[0-1, 0-7, 0-8, 0-1, 0-4, 0-1, 0-7, 0-8, 0-1, 0-4]
wire:[0-6, 0-5, 0-6, 0-5]
belongs:[0-6, 0-6]
to:[0-7, 0-7]
larry:[0-8, 0-8]
runs:[0-9, 0-3, 0-9, 0-3]

Search application started
SearchDomain created: file1.txt
file4.txt
file6.dat
file3.dat
file2.doc
file5.doc

Search application started
SearchDomain created: file1.txt
file4.txt
file6.dat
file3.dat
file2.doc
file5.doc

Search application started
SearchDomain created: /Users/karenreynolds/Desktop/merit_exercises/pair_programming/module-1-pair-programming-4/data/file1.txt
/Users/karenreynolds/Desktop/merit_exercises/pair_programming/module-1-pair-programming-4/data/file4.txt
/Users/karenreynolds/Desktop/merit_exercises/pair_programming/module-1-pair-programming-4/data/file6.dat
/Users/karenreynolds/Desktop/merit_exercises/pair_programming/module-1-pair-programming-4/data/file3.dat
/Users/karenreynolds/Desktop/merit_exercises/pair_programming/module-1-pair-programming-4/data/file2.doc
/Users/karenreynolds/Desktop/merit_exercises/pair_programming/module-1-pair-programming-4/data/file5.doc

Indexed words:
small:[3-5]
prefer:[0-11]
line:[0-8, 1-10, 2-9, 3-13, 4-2]
gold:[1-3]
confused:[2-1, 5-10]
across:[0-3, 3-10]
that:[3-8]
not:[3-3, 4-4, 5-7]
appreciate:[5-8]
and:[5-5]
does:[5-6]
chipmunk:[2-2, 3-1, 5-13]
by:[2-5]
scampers:[0-2, 4-5]
baffled:[2-4]
if:[0-9]
you:[0-10]
striped:[1-1, 2-7, 3-6]
a:[3-0, 3-4, 3-11, 4-7, 5-0, 5-3, 5-12]
or:[0-7]
king:[1-11]
like:[4-6]
was:[2-3]
telephone:[0-5, 1-4, 2-8, 3-12, 4-1]
is:[3-2, 5-2]
being:[5-9]
the:[0-0, 0-4, 1-0, 1-9, 2-0, 2-6, 4-0]
with:[1-2, 5-11]
squirrel:[0-1, 3-7, 4-8, 5-1, 5-4]
wire:[0-6, 1-5]
belongs:[1-6]
to:[1-7]
larry:[1-8]
runs:[3-9, 4-3]

Indexed words:
small:[3-5, 3-5]
prefer:[0-11, 0-11]
line:[0-8, 1-10, 2-9, 3-13, 4-2, 0-8, 1-10, 2-9, 3-13, 4-2]
gold:[1-3, 1-3]
confused:[2-1, 5-10, 2-1, 5-10]
across:[0-3, 3-10, 0-3, 3-10]
that:[3-8, 3-8]
not:[3-3, 4-4, 5-7, 3-3, 4-4, 5-7]
appreciate:[5-8, 5-8]
and:[5-5, 5-5]
does:[5-6, 5-6]
chipmunk:[2-2, 3-1, 5-13, 2-2, 3-1, 5-13]
by:[2-5, 2-5]
scampers:[0-2, 4-5, 0-2, 4-5]
baffled:[2-4, 2-4]
if:[0-9, 0-9]
you:[0-10, 0-10]
striped:[1-1, 2-7, 3-6, 1-1, 2-7, 3-6]
a:[3-0, 3-4, 3-11, 4-7, 5-0, 5-3, 5-12, 3-0, 3-4, 3-11, 4-7, 5-0, 5-3, 5-12]
or:[0-7, 0-7]
king:[1-11, 1-11]
like:[4-6, 4-6]
was:[2-3, 2-3]
telephone:[0-5, 1-4, 2-8, 3-12, 4-1, 0-5, 1-4, 2-8, 3-12, 4-1]
is:[3-2, 5-2, 3-2, 5-2]
being:[5-9, 5-9]
the:[0-0, 0-4, 1-0, 1-9, 2-0, 2-6, 4-0, 0-0, 0-4, 1-0, 1-9, 2-0, 2-6, 4-0]
with:[1-2, 5-11, 1-2, 5-11]
squirrel:[0-1, 3-7, 4-8, 5-1, 5-4, 0-1, 3-7, 4-8, 5-1, 5-4]
wire:[0-6, 1-5, 0-6, 1-5]
belongs:[1-6, 1-6]
to:[1-7, 1-7]
larry:[1-8, 1-8]
runs:[3-9, 4-3, 3-9, 4-3]

Search application started
SearchDomain created: /Users/karenreynolds/Desktop/merit_exercises/pair_programming/module-1-pair-programming-4/data/file1.txt
/Users/karenreynolds/Desktop/merit_exercises/pair_programming/module-1-pair-programming-4/data/file4.txt
/Users/karenreynolds/Desktop/merit_exercises/pair_programming/module-1-pair-programming-4/data/file6.dat
/Users/karenreynolds/Desktop/merit_exercises/pair_programming/module-1-pair-programming-4/data/file3.dat
/Users/karenreynolds/Desktop/merit_exercises/pair_programming/module-1-pair-programming-4/data/file2.doc
/Users/karenreynolds/Desktop/merit_exercises/pair_programming/module-1-pair-programming-4/data/file5.doc

Search application started
SearchDomain created: /Users/karenreynolds/Desktop/merit_exercises/pair_programming/module-1-pair-programming-4/data/file1.txt
/Users/karenreynolds/Desktop/merit_exercises/pair_programming/module-1-pair-programming-4/data/file4.txt
/Users/karenreynolds/Desktop/merit_exercises/pair_programming/module-1-pair-programming-4/data/file6.dat
/Users/karenreynolds/Desktop/merit_exercises/pair_programming/module-1-pair-programming-4/data/file3.dat
/Users/karenreynolds/Desktop/merit_exercises/pair_programming/module-1-pair-programming-4/data/file2.doc
/Users/karenreynolds/Desktop/merit_exercises/pair_programming/module-1-pair-programming-4/data/file5.doc

Indexed words:
small:[3-5]
prefer:[0-11]
line:[0-8, 1-10, 2-9, 3-13, 4-2]
gold:[1-3]
confused:[2-1, 5-10]
across:[0-3, 3-10]
that:[3-8]
not:[3-3, 4-4, 5-7]
appreciate:[5-8]
and:[5-5]
does:[5-6]
chipmunk:[2-2, 3-1, 5-13]
by:[2-5]
scampers:[0-2, 4-5]
baffled:[2-4]
if:[0-9]
you:[0-10]
striped:[1-1, 2-7, 3-6]
a:[3-0, 3-4, 3-11, 4-7, 5-0, 5-3, 5-12]
or:[0-7]
king:[1-11]
like:[4-6]
was:[2-3]
telephone:[0-5, 1-4, 2-8, 3-12, 4-1]
is:[3-2, 5-2]
being:[5-9]
the:[0-0, 0-4, 1-0, 1-9, 2-0, 2-6, 4-0]
with:[1-2, 5-11]
squirrel:[0-1, 3-7, 4-8, 5-1, 5-4]
wire:[0-6, 1-5]
belongs:[1-6]
to:[1-7]
larry:[1-8]
runs:[3-9, 4-3]

Indexed words:
small:[3-5, 3-5]
prefer:[0-11, 0-11]
line:[0-8, 1-10, 2-9, 3-13, 4-2, 0-8, 1-10, 2-9, 3-13, 4-2]
gold:[1-3, 1-3]
confused:[2-1, 5-10, 2-1, 5-10]
across:[0-3, 3-10, 0-3, 3-10]
that:[3-8, 3-8]
not:[3-3, 4-4, 5-7, 3-3, 4-4, 5-7]
appreciate:[5-8, 5-8]
and:[5-5, 5-5]
does:[5-6, 5-6]
chipmunk:[2-2, 3-1, 5-13, 2-2, 3-1, 5-13]
by:[2-5, 2-5]
scampers:[0-2, 4-5, 0-2, 4-5]
baffled:[2-4, 2-4]
if:[0-9, 0-9]
you:[0-10, 0-10]
striped:[1-1, 2-7, 3-6, 1-1, 2-7, 3-6]
a:[3-0, 3-4, 3-11, 4-7, 5-0, 5-3, 5-12, 3-0, 3-4, 3-11, 4-7, 5-0, 5-3, 5-12]
or:[0-7, 0-7]
king:[1-11, 1-11]
like:[4-6, 4-6]
was:[2-3, 2-3]
telephone:[0-5, 1-4, 2-8, 3-12, 4-1, 0-5, 1-4, 2-8, 3-12, 4-1]
is:[3-2, 5-2, 3-2, 5-2]
being:[5-9, 5-9]
the:[0-0, 0-4, 1-0, 1-9, 2-0, 2-6, 4-0, 0-0, 0-4, 1-0, 1-9, 2-0, 2-6, 4-0]
with:[1-2, 5-11, 1-2, 5-11]
squirrel:[0-1, 3-7, 4-8, 5-1, 5-4, 0-1, 3-7, 4-8, 5-1, 5-4]
wire:[0-6, 1-5, 0-6, 1-5]
belongs:[1-6, 1-6]
to:[1-7, 1-7]
larry:[1-8, 1-8]
runs:[3-9, 4-3, 3-9, 4-3]

Search application started
SearchDomain created: /Users/karenreynolds/Desktop/merit_exercises/pair_programming/module-1-pair-programming-4/data/file1.txt
/Users/karenreynolds/Desktop/merit_exercises/pair_programming/module-1-pair-programming-4/data/file4.txt
/Users/karenreynolds/Desktop/merit_exercises/pair_programming/module-1-pair-programming-4/data/file6.dat
/Users/karenreynolds/Desktop/merit_exercises/pair_programming/module-1-pair-programming-4/data/file3.dat
/Users/karenreynolds/Desktop/merit_exercises/pair_programming/module-1-pair-programming-4/data/file2.doc
/Users/karenreynolds/Desktop/merit_exercises/pair_programming/module-1-pair-programming-4/data/file5.doc

Indexed words:
small:[3-5]
prefer:[0-11]
line:[0-8, 1-10, 2-9, 3-13, 4-2]
gold:[1-3]
confused:[2-1, 5-10]
across:[0-3, 3-10]
that:[3-8]
not:[3-3, 4-4, 5-7]
appreciate:[5-8]
and:[5-5]
does:[5-6]
chipmunk:[2-2, 3-1, 5-13]
by:[2-5]
scampers:[0-2, 4-5]
baffled:[2-4]
if:[0-9]
you:[0-10]
striped:[1-1, 2-7, 3-6]
a:[3-0, 3-4, 3-11, 4-7, 5-0, 5-3, 5-12]
or:[0-7]
king:[1-11]
like:[4-6]
was:[2-3]
telephone:[0-5, 1-4, 2-8, 3-12, 4-1]
is:[3-2, 5-2]
being:[5-9]
the:[0-0, 0-4, 1-0, 1-9, 2-0, 2-6, 4-0]
with:[1-2, 5-11]
squirrel:[0-1, 3-7, 4-8, 5-1, 5-4]
wire:[0-6, 1-5]
belongs:[1-6]
to:[1-7]
larry:[1-8]
runs:[3-9, 4-3]

Indexed words:
small:[3-5, 3-5]
prefer:[0-11, 0-11]
line:[0-8, 1-10, 2-9, 3-13, 4-2, 0-8, 1-10, 2-9, 3-13, 4-2]
gold:[1-3, 1-3]
confused:[2-1, 5-10, 2-1, 5-10]
across:[0-3, 3-10, 0-3, 3-10]
that:[3-8, 3-8]
not:[3-3, 4-4, 5-7, 3-3, 4-4, 5-7]
appreciate:[5-8, 5-8]
and:[5-5, 5-5]
does:[5-6, 5-6]
chipmunk:[2-2, 3-1, 5-13, 2-2, 3-1, 5-13]
by:[2-5, 2-5]
scampers:[0-2, 4-5, 0-2, 4-5]
baffled:[2-4, 2-4]
if:[0-9, 0-9]
you:[0-10, 0-10]
striped:[1-1, 2-7, 3-6, 1-1, 2-7, 3-6]
a:[3-0, 3-4, 3-11, 4-7, 5-0, 5-3, 5-12, 3-0, 3-4, 3-11, 4-7, 5-0, 5-3, 5-12]
or:[0-7, 0-7]
king:[1-11, 1-11]
like:[4-6, 4-6]
was:[2-3, 2-3]
telephone:[0-5, 1-4, 2-8, 3-12, 4-1, 0-5, 1-4, 2-8, 3-12, 4-1]
is:[3-2, 5-2, 3-2, 5-2]
being:[5-9, 5-9]
the:[0-0, 0-4, 1-0, 1-9, 2-0, 2-6, 4-0, 0-0, 0-4, 1-0, 1-9, 2-0, 2-6, 4-0]
with:[1-2, 5-11, 1-2, 5-11]
squirrel:[0-1, 3-7, 4-8, 5-1, 5-4, 0-1, 3-7, 4-8, 5-1, 5-4]
wire:[0-6, 1-5, 0-6, 1-5]
belongs:[1-6, 1-6]
to:[1-7, 1-7]
larry:[1-8, 1-8]
runs:[3-9, 4-3, 3-9, 4-3]

Search application started
SearchDomain created: data/file1.txt
data/file4.txt
data/file6.dat
data/file3.dat
data/file2.doc
data/file5.doc

Indexed words:
small:[3-5]
prefer:[0-11]
line:[0-8, 1-10, 2-9, 3-13, 4-2]
gold:[1-3]
confused:[2-1, 5-10]
across:[0-3, 3-10]
that:[3-8]
not:[3-3, 4-4, 5-7]
appreciate:[5-8]
and:[5-5]
does:[5-6]
chipmunk:[2-2, 3-1, 5-13]
by:[2-5]
scampers:[0-2, 4-5]
baffled:[2-4]
if:[0-9]
you:[0-10]
striped:[1-1, 2-7, 3-6]
a:[3-0, 3-4, 3-11, 4-7, 5-0, 5-3, 5-12]
or:[0-7]
king:[1-11]
like:[4-6]
was:[2-3]
telephone:[0-5, 1-4, 2-8, 3-12, 4-1]
is:[3-2, 5-2]
being:[5-9]
the:[0-0, 0-4, 1-0, 1-9, 2-0, 2-6, 4-0]
with:[1-2, 5-11]
squirrel:[0-1, 3-7, 4-8, 5-1, 5-4]
wire:[0-6, 1-5]
belongs:[1-6]
to:[1-7]
larry:[1-8]
runs:[3-9, 4-3]

Indexed words:
small:[3-5, 3-5]
prefer:[0-11, 0-11]
line:[0-8, 1-10, 2-9, 3-13, 4-2, 0-8, 1-10, 2-9, 3-13, 4-2]
gold:[1-3, 1-3]
confused:[2-1, 5-10, 2-1, 5-10]
across:[0-3, 3-10, 0-3, 3-10]
that:[3-8, 3-8]
not:[3-3, 4-4, 5-7, 3-3, 4-4, 5-7]
appreciate:[5-8, 5-8]
and:[5-5, 5-5]
does:[5-6, 5-6]
chipmunk:[2-2, 3-1, 5-13, 2-2, 3-1, 5-13]
by:[2-5, 2-5]
scampers:[0-2, 4-5, 0-2, 4-5]
baffled:[2-4, 2-4]
if:[0-9, 0-9]
you:[0-10, 0-10]
striped:[1-1, 2-7, 3-6, 1-1, 2-7, 3-6]
a:[3-0, 3-4, 3-11, 4-7, 5-0, 5-3, 5-12, 3-0, 3-4, 3-11, 4-7, 5-0, 5-3, 5-12]
or:[0-7, 0-7]
king:[1-11, 1-11]
like:[4-6, 4-6]
was:[2-3, 2-3]
telephone:[0-5, 1-4, 2-8, 3-12, 4-1, 0-5, 1-4, 2-8, 3-12, 4-1]
is:[3-2, 5-2, 3-2, 5-2]
being:[5-9, 5-9]
the:[0-0, 0-4, 1-0, 1-9, 2-0, 2-6, 4-0, 0-0, 0-4, 1-0, 1-9, 2-0, 2-6, 4-0]
with:[1-2, 5-11, 1-2, 5-11]
squirrel:[0-1, 3-7, 4-8, 5-1, 5-4, 0-1, 3-7, 4-8, 5-1, 5-4]
wire:[0-6, 1-5, 0-6, 1-5]
belongs:[1-6, 1-6]
to:[1-7, 1-7]
larry:[1-8, 1-8]
runs:[3-9, 4-3, 3-9, 4-3]

Search application started
SearchDomain created: data/file1.txt
data/file4.txt
data/file6.dat
data/file3.dat
data/file2.doc
data/file5.doc

Indexed words:
small:[3-5]
prefer:[0-11]
line:[0-8, 1-10, 2-9, 3-13, 4-2]
gold:[1-3]
confused:[2-1, 5-10]
across:[0-3, 3-10]
that:[3-8]
not:[3-3, 4-4, 5-7]
appreciate:[5-8]
and:[5-5]
does:[5-6]
chipmunk:[2-2, 3-1, 5-13]
by:[2-5]
scampers:[0-2, 4-5]
baffled:[2-4]
if:[0-9]
you:[0-10]
striped:[1-1, 2-7, 3-6]
a:[3-0, 3-4, 3-11, 4-7, 5-0, 5-3, 5-12]
or:[0-7]
king:[1-11]
like:[4-6]
was:[2-3]
telephone:[0-5, 1-4, 2-8, 3-12, 4-1]
is:[3-2, 5-2]
being:[5-9]
the:[0-0, 0-4, 1-0, 1-9, 2-0, 2-6, 4-0]
with:[1-2, 5-11]
squirrel:[0-1, 3-7, 4-8, 5-1, 5-4]
wire:[0-6, 1-5]
belongs:[1-6]
to:[1-7]
larry:[1-8]
runs:[3-9, 4-3]

Indexed words:
small:[3-5, 3-5]
prefer:[0-11, 0-11]
line:[0-8, 1-10, 2-9, 3-13, 4-2, 0-8, 1-10, 2-9, 3-13, 4-2]
gold:[1-3, 1-3]
confused:[2-1, 5-10, 2-1, 5-10]
across:[0-3, 3-10, 0-3, 3-10]
that:[3-8, 3-8]
not:[3-3, 4-4, 5-7, 3-3, 4-4, 5-7]
appreciate:[5-8, 5-8]
and:[5-5, 5-5]
does:[5-6, 5-6]
chipmunk:[2-2, 3-1, 5-13, 2-2, 3-1, 5-13]
by:[2-5, 2-5]
scampers:[0-2, 4-5, 0-2, 4-5]
baffled:[2-4, 2-4]
if:[0-9, 0-9]
you:[0-10, 0-10]
striped:[1-1, 2-7, 3-6, 1-1, 2-7, 3-6]
a:[3-0, 3-4, 3-11, 4-7, 5-0, 5-3, 5-12, 3-0, 3-4, 3-11, 4-7, 5-0, 5-3, 5-12]
or:[0-7, 0-7]
king:[1-11, 1-11]
like:[4-6, 4-6]
was:[2-3, 2-3]
telephone:[0-5, 1-4, 2-8, 3-12, 4-1, 0-5, 1-4, 2-8, 3-12, 4-1]
is:[3-2, 5-2, 3-2, 5-2]
being:[5-9, 5-9]
the:[0-0, 0-4, 1-0, 1-9, 2-0, 2-6, 4-0, 0-0, 0-4, 1-0, 1-9, 2-0, 2-6, 4-0]
with:[1-2, 5-11, 1-2, 5-11]
squirrel:[0-1, 3-7, 4-8, 5-1, 5-4, 0-1, 3-7, 4-8, 5-1, 5-4]
wire:[0-6, 1-5, 0-6, 1-5]
belongs:[1-6, 1-6]
to:[1-7, 1-7]
larry:[1-8, 1-8]
runs:[3-9, 4-3, 3-9, 4-3]

Search application started
SearchDomain created: data/file1.txt
data/file4.txt
data/file6.dat
data/file3.dat
data/file2.doc
data/file5.doc

Indexed words:
small:[3-5]
prefer:[0-11]
line:[0-8, 1-10, 2-9, 3-13, 4-2]
gold:[1-3]
confused:[2-1, 5-10]
across:[0-3, 3-10]
that:[3-8]
not:[3-3, 4-4, 5-7]
appreciate:[5-8]
and:[5-5]
does:[5-6]
chipmunk:[2-2, 3-1, 5-13]
by:[2-5]
scampers:[0-2, 4-5]
baffled:[2-4]
if:[0-9]
you:[0-10]
striped:[1-1, 2-7, 3-6]
a:[3-0, 3-4, 3-11, 4-7, 5-0, 5-3, 5-12]
or:[0-7]
king:[1-11]
like:[4-6]
was:[2-3]
telephone:[0-5, 1-4, 2-8, 3-12, 4-1]
is:[3-2, 5-2]
being:[5-9]
the:[0-0, 0-4, 1-0, 1-9, 2-0, 2-6, 4-0]
with:[1-2, 5-11]
squirrel:[0-1, 3-7, 4-8, 5-1, 5-4]
wire:[0-6, 1-5]
belongs:[1-6]
to:[1-7]
larry:[1-8]
runs:[3-9, 4-3]

Indexed words:
small:[3-5]
prefer:[0-11]
line:[0-8, 1-10, 2-9, 3-13, 4-2]
gold:[1-3]
confused:[2-1, 5-10]
across:[0-3, 3-10]
that:[3-8]
not:[3-3, 4-4, 5-7]
appreciate:[5-8]
and:[5-5]
does:[5-6]
chipmunk:[2-2, 3-1, 5-13]
by:[2-5]
scampers:[0-2, 4-5]
baffled:[2-4]
if:[0-9]
you:[0-10]
striped:[1-1, 2-7, 3-6]
a:[3-0, 3-4, 3-11, 4-7, 5-0, 5-3, 5-12]
or:[0-7]
king:[1-11]
like:[4-6]
was:[2-3]
telephone:[0-5, 1-4, 2-8, 3-12, 4-1]
is:[3-2, 5-2]
being:[5-9]
the:[0-0, 0-4, 1-0, 1-9, 2-0, 2-6, 4-0]
with:[1-2, 5-11]
squirrel:[0-1, 3-7, 4-8, 5-1, 5-4]
wire:[0-6, 1-5]
belongs:[1-6]
to:[1-7]
larry:[1-8]
runs:[3-9, 4-3]

Search application started
SearchDomain created: data/file1.txt
data/file4.txt
data/file6.dat
data/file3.dat
data/file2.doc
data/file5.doc

Indexed words:
small:[3-5]
prefer:[0-11]
line:[0-8, 1-10, 2-9, 3-13, 4-2]
gold:[1-3]
confused:[2-1, 5-10]
across:[0-3, 3-10]
that:[3-8]
not:[3-3, 4-4, 5-7]
appreciate:[5-8]
and:[5-5]
does:[5-6]
chipmunk:[2-2, 3-1, 5-13]
by:[2-5]
scampers:[0-2, 4-5]
baffled:[2-4]
if:[0-9]
you:[0-10]
striped:[1-1, 2-7, 3-6]
a:[3-0, 3-4, 3-11, 4-7, 5-0, 5-3, 5-12]
or:[0-7]
king:[1-11]
like:[4-6]
was:[2-3]
telephone:[0-5, 1-4, 2-8, 3-12, 4-1]
is:[3-2, 5-2]
being:[5-9]
the:[0-0, 0-4, 1-0, 1-9, 2-0, 2-6, 4-0]
with:[1-2, 5-11]
squirrel:[0-1, 3-7, 4-8, 5-1, 5-4]
wire:[0-6, 1-5]
belongs:[1-6]
to:[1-7]
larry:[1-8]
runs:[3-9, 4-3]

Indexed words:
small:[3-5]
prefer:[0-11]
line:[0-8, 1-10, 2-9, 3-13, 4-2]
gold:[1-3]
confused:[2-1, 5-10]
across:[0-3, 3-10]
that:[3-8]
not:[3-3, 4-4, 5-7]
appreciate:[5-8]
and:[5-5]
does:[5-6]
chipmunk:[2-2, 3-1, 5-13]
by:[2-5]
scampers:[0-2, 4-5]
baffled:[2-4]
if:[0-9]
you:[0-10]
striped:[1-1, 2-7, 3-6]
a:[3-0, 3-4, 3-11, 4-7, 5-0, 5-3, 5-12]
or:[0-7]
king:[1-11]
like:[4-6]
was:[2-3]
telephone:[0-5, 1-4, 2-8, 3-12, 4-1]
is:[3-2, 5-2]
being:[5-9]
the:[0-0, 0-4, 1-0, 1-9, 2-0, 2-6, 4-0]
with:[1-2, 5-11]
squirrel:[0-1, 3-7, 4-8, 5-1, 5-4]
wire:[0-6, 1-5]
belongs:[1-6]
to:[1-7]
larry:[1-8]
runs:[3-9, 4-3]

Search application started
SearchDomain created: data/file1.txt
data/file4.txt
data/file6.dat
data/file3.dat
data/file2.doc
data/file5.doc

Indexed words:
small:[3-5]
prefer:[0-11]
line:[0-8, 1-10, 2-9, 3-13, 4-2]
gold:[1-3]
confused:[2-1, 5-10]
across:[0-3, 3-10]
that:[3-8]
not:[3-3, 4-4, 5-7]
appreciate:[5-8]
and:[5-5]
does:[5-6]
chipmunk:[2-2, 3-1, 5-13]
by:[2-5]
scampers:[0-2, 4-5]
baffled:[2-4]
if:[0-9]
you:[0-10]
striped:[1-1, 2-7, 3-6]
a:[3-0, 3-4, 3-11, 4-7, 5-0, 5-3, 5-12]
or:[0-7]
king:[1-11]
like:[4-6]
was:[2-3]
telephone:[0-5, 1-4, 2-8, 3-12, 4-1]
is:[3-2, 5-2]
being:[5-9]
the:[0-0, 0-4, 1-0, 1-9, 2-0, 2-6, 4-0]
with:[1-2, 5-11]
squirrel:[0-1, 3-7, 4-8, 5-1, 5-4]
wire:[0-6, 1-5]
belongs:[1-6]
to:[1-7]
larry:[1-8]
runs:[3-9, 4-3]

Indexed words:
small:[3-5]
prefer:[0-11]
line:[0-8, 1-10, 2-9, 3-13, 4-2]
gold:[1-3]
confused:[2-1, 5-10]
across:[0-3, 3-10]
that:[3-8]
not:[3-3, 4-4, 5-7]
appreciate:[5-8]
and:[5-5]
does:[5-6]
chipmunk:[2-2, 3-1, 5-13]
by:[2-5]
scampers:[0-2, 4-5]
baffled:[2-4]
if:[0-9]
you:[0-10]
striped:[1-1, 2-7, 3-6]
a:[3-0, 3-4, 3-11, 4-7, 5-0, 5-3, 5-12]
or:[0-7]
king:[1-11]
like:[4-6]
was:[2-3]
telephone:[0-5, 1-4, 2-8, 3-12, 4-1]
is:[3-2, 5-2]
being:[5-9]
the:[0-0, 0-4, 1-0, 1-9, 2-0, 2-6, 4-0]
with:[1-2, 5-11]
squirrel:[0-1, 3-7, 4-8, 5-1, 5-4]
wire:[0-6, 1-5]
belongs:[1-6]
to:[1-7]
larry:[1-8]
runs:[3-9, 4-3]

